{"name": "Verify Service Catalog creation", "status": "failed", "statusDetails": {"message": "AssertionError: Message: element click intercepted: Element <span class=\"mx-3 text-text-disabled\">...</span> is not clickable at point (236, 502). Other element would receive the click: <div class=\"mt-3 flex items-center justify-between space-x-2 py-1 layout-container\">...</div>\n  (Session info: chrome=142.0.7444.176); For documentation on this error, please visit: https://www.selenium.dev/documentation/webdriver/troubleshooting/errors#elementclickinterceptedexception\nStacktrace:\nSymbols not available. Dumping unresolved backtrace:\n\t0x7ff6c9bda235\n\t0x7ff6c9932630\n\t0x7ff6c96c16dd\n\t0x7ff6c97224c9\n\t0x7ff6c971fe4e\n\t0x7ff6c971cd71\n\t0x7ff6c971bc10\n\t0x7ff6c970d3a8\n\t0x7ff6c9742b0a\n\t0x7ff6c970cc36\n\t0x7ff6c976baba\n\t0x7ff6c970b0ed\n\t0x7ff6c970bf63\n\t0x7ff6c9c05d60\n\t0x7ff6c9bffe8a\n\t0x7ff6c9c21005\n\t0x7ff6c994d71e\n\t0x7ff6c9954e1f\n\t0x7ff6c993b7c4\n\t0x7ff6c993b97f\n\t0x7ff6c99218e8\n\t0x7ffdf813e8d7\n\t0x7ffdf8a6c53c", "trace": "self = <test_MicrosoftSqlserver_allure.Governata testMethod=test_Governata_C>\n\n    @allure.story(\"Service Catalog\")\n    @allure.title(\"Verify Service Catalog creation\")\n    def test_Governata_C(self):\n        driver = self.driver\n        servicecatalog = ServiceCatalog_Page(driver)\n    \n        try:\n            with allure.step(\"Click Add Service Catalog\"):\n                servicecatalog.Click_AddServiceCatalog()\n                time.sleep(2)\n    \n            with allure.step(\"Fill Service Catalog form\"):\n                servicecatalog.Enter_Titlename()\n                time.sleep(1)\n                servicecatalog.EnterApplicationTechnology()\n                time.sleep(1)\n                servicecatalog.EnterDatabaseTechnology()\n                time.sleep(1)\n                servicecatalog.EnterDatabaseEdition()\n                time.sleep(1)\n                servicecatalog.EnterDatabaseVersion()\n                time.sleep(1)\n                servicecatalog.ScrollDown()\n                time.sleep(1)\n                servicecatalog.EnterApplicationInterface()\n                time.sleep(1)\n                servicecatalog.EnterLicenses()\n                time.sleep(1)\n>               servicecatalog.EnterlicenseRenewalDate()\n\ntest_MicrosoftSqlserver_allure.py:118: \n_ _ _ _ _ _ _ _ _ _ _ _ _ _ _ _ _ _ _ _ _ _ _ _ _ _ _ _ _ _ _ _ _ _ _ _ _ _ _ _ _ _ _ _ _ _ _ _ _ _ _ _ _ _ _ _ _ _ _ _ _ _ _ _ _ _ _ _ _ _ _ _ _ _\nPage_ServiceCatalog.py:86: in EnterlicenseRenewalDate\n    self.driver.find_element(by=By.XPATH, value=self.clicklicenserenewaldate).click()\n..\\..\\AppData\\Roaming\\Python\\Python314\\site-packages\\selenium\\webdriver\\remote\\webelement.py:119: in click\n    self._execute(Command.CLICK_ELEMENT)\n..\\..\\AppData\\Roaming\\Python\\Python314\\site-packages\\selenium\\webdriver\\remote\\webelement.py:572: in _execute\n    return self._parent.execute(command, params)\n           ^^^^^^^^^^^^^^^^^^^^^^^^^^^^^^^^^^^^^\n..\\..\\AppData\\Roaming\\Python\\Python314\\site-packages\\selenium\\webdriver\\remote\\webdriver.py:458: in execute\n    self.error_handler.check_response(response)\n_ _ _ _ _ _ _ _ _ _ _ _ _ _ _ _ _ _ _ _ _ _ _ _ _ _ _ _ _ _ _ _ _ _ _ _ _ _ _ _ _ _ _ _ _ _ _ _ _ _ _ _ _ _ _ _ _ _ _ _ _ _ _ _ _ _ _ _ _ _ _ _ _ _\n\nself = <selenium.webdriver.remote.errorhandler.ErrorHandler object at 0x00000191A2124EC0>\nresponse = {'status': 400, 'value': '{\"value\":{\"error\":\"element click intercepted\",\"message\":\"element click intercepted: Element ...ff6c9954e1f\\\\n\\\\t0x7ff6c993b7c4\\\\n\\\\t0x7ff6c993b97f\\\\n\\\\t0x7ff6c99218e8\\\\n\\\\t0x7ffdf813e8d7\\\\n\\\\t0x7ffdf8a6c53c\\\\n\"}}'}\n\n    def check_response(self, response: dict[str, Any]) -> None:\n        \"\"\"Checks that a JSON response from the WebDriver does not have an\n        error.\n    \n        Args:\n            response: The JSON response from the WebDriver server as a dictionary\n                object.\n    \n        Raises:\n            WebDriverException: If the response contains an error message.\n        \"\"\"\n        status = response.get(\"status\", None)\n        if not status or status == ErrorCode.SUCCESS:\n            return\n        value = None\n        message = response.get(\"message\", \"\")\n        screen: str = response.get(\"screen\", \"\")\n        stacktrace = None\n        if isinstance(status, int):\n            value_json = response.get(\"value\", None)\n            if value_json and isinstance(value_json, str):\n                try:\n                    value = json.loads(value_json)\n                    if isinstance(value, dict):\n                        if len(value) == 1:\n                            value = value[\"value\"]\n                        status = value.get(\"error\", None)\n                        if not status:\n                            status = value.get(\"status\", ErrorCode.UNKNOWN_ERROR)\n                            message = value.get(\"value\") or value.get(\"message\")\n                            if not isinstance(message, str):\n                                value = message\n                                message = message.get(\"message\") if isinstance(message, dict) else None\n                        else:\n                            message = value.get(\"message\", None)\n                except ValueError:\n                    pass\n    \n        exception_class: type[WebDriverException]\n        e = ErrorCode()\n        error_codes = [item for item in dir(e) if not item.startswith(\"__\")]\n        for error_code in error_codes:\n            error_info = getattr(ErrorCode, error_code)\n            if isinstance(error_info, list) and status in error_info:\n                exception_class = getattr(ExceptionMapping, error_code, WebDriverException)\n                break\n        else:\n            exception_class = WebDriverException\n    \n        if not value:\n            value = response[\"value\"]\n        if isinstance(value, str):\n            raise exception_class(value)\n        if message == \"\" and \"message\" in value:\n            message = value[\"message\"]\n    \n        screen = None  # type: ignore[assignment]\n        if \"screen\" in value:\n            screen = value[\"screen\"]\n    \n        stacktrace = None\n        st_value = value.get(\"stackTrace\") or value.get(\"stacktrace\")\n        if st_value:\n            if isinstance(st_value, str):\n                stacktrace = st_value.split(\"\\n\")\n            else:\n                stacktrace = []\n                try:\n                    for frame in st_value:\n                        line = frame.get(\"lineNumber\", \"\")\n                        file = frame.get(\"fileName\", \"<anonymous>\")\n                        if line:\n                            file = f\"{file}:{line}\"\n                        meth = frame.get(\"methodName\", \"<anonymous>\")\n                        if \"className\" in frame:\n                            meth = f\"{frame['className']}.{meth}\"\n                        msg = \"    at %s (%s)\"\n                        msg = msg % (meth, file)\n                        stacktrace.append(msg)\n                except TypeError:\n                    pass\n        if exception_class == UnexpectedAlertPresentException:\n            alert_text = None\n            if \"data\" in value:\n                alert_text = value[\"data\"].get(\"text\")\n            elif \"alert\" in value:\n                alert_text = value[\"alert\"].get(\"text\")\n            raise exception_class(message, screen, stacktrace, alert_text)  # type: ignore[call-arg]  # mypy is not smart enough here\n>       raise exception_class(message, screen, stacktrace)\nE       selenium.common.exceptions.ElementClickInterceptedException: Message: element click intercepted: Element <span class=\"mx-3 text-text-disabled\">...</span> is not clickable at point (236, 502). Other element would receive the click: <div class=\"mt-3 flex items-center justify-between space-x-2 py-1 layout-container\">...</div>\nE         (Session info: chrome=142.0.7444.176); For documentation on this error, please visit: https://www.selenium.dev/documentation/webdriver/troubleshooting/errors#elementclickinterceptedexception\nE       Stacktrace:\nE       Symbols not available. Dumping unresolved backtrace:\nE       \t0x7ff6c9bda235\nE       \t0x7ff6c9932630\nE       \t0x7ff6c96c16dd\nE       \t0x7ff6c97224c9\nE       \t0x7ff6c971fe4e\nE       \t0x7ff6c971cd71\nE       \t0x7ff6c971bc10\nE       \t0x7ff6c970d3a8\nE       \t0x7ff6c9742b0a\nE       \t0x7ff6c970cc36\nE       \t0x7ff6c976baba\nE       \t0x7ff6c970b0ed\nE       \t0x7ff6c970bf63\nE       \t0x7ff6c9c05d60\nE       \t0x7ff6c9bffe8a\nE       \t0x7ff6c9c21005\nE       \t0x7ff6c994d71e\nE       \t0x7ff6c9954e1f\nE       \t0x7ff6c993b7c4\nE       \t0x7ff6c993b97f\nE       \t0x7ff6c99218e8\nE       \t0x7ffdf813e8d7\nE       \t0x7ffdf8a6c53c\n\n..\\..\\AppData\\Roaming\\Python\\Python314\\site-packages\\selenium\\webdriver\\remote\\errorhandler.py:233: ElementClickInterceptedException\n\nDuring handling of the above exception, another exception occurred:\n\nself = <test_MicrosoftSqlserver_allure.Governata testMethod=test_Governata_C>\n\n    @allure.story(\"Service Catalog\")\n    @allure.title(\"Verify Service Catalog creation\")\n    def test_Governata_C(self):\n        driver = self.driver\n        servicecatalog = ServiceCatalog_Page(driver)\n    \n        try:\n            with allure.step(\"Click Add Service Catalog\"):\n                servicecatalog.Click_AddServiceCatalog()\n                time.sleep(2)\n    \n            with allure.step(\"Fill Service Catalog form\"):\n                servicecatalog.Enter_Titlename()\n                time.sleep(1)\n                servicecatalog.EnterApplicationTechnology()\n                time.sleep(1)\n                servicecatalog.EnterDatabaseTechnology()\n                time.sleep(1)\n                servicecatalog.EnterDatabaseEdition()\n                time.sleep(1)\n                servicecatalog.EnterDatabaseVersion()\n                time.sleep(1)\n                servicecatalog.ScrollDown()\n                time.sleep(1)\n                servicecatalog.EnterApplicationInterface()\n                time.sleep(1)\n                servicecatalog.EnterLicenses()\n                time.sleep(1)\n                servicecatalog.EnterlicenseRenewalDate()\n                time.sleep(1)\n                servicecatalog.EnterProductionDate()\n                time.sleep(1)\n                servicecatalog.ClickNextBtn()\n                time.sleep(1)\n                servicecatalog.EnterManufacturer()\n                time.sleep(1)\n                servicecatalog.ClickNextBtn()\n                time.sleep(1)\n                servicecatalog.EnterRole()\n                time.sleep(1)\n                servicecatalog.EnterDepartment()\n                time.sleep(1)\n    \n            with allure.step(\"Submit Service Catalog\"):\n                servicecatalog.ClickSubmitBtn()\n                time.sleep(1)\n    \n            assert servicecatalog.DetectServiceCatalogPage() is True\n    \n        except Exception as e:\n            self.attach_screenshot(\"ServiceCatalog_Create_Failure\")\n>           self.fail(str(e))\nE           AssertionError: Message: element click intercepted: Element <span class=\"mx-3 text-text-disabled\">...</span> is not clickable at point (236, 502). Other element would receive the click: <div class=\"mt-3 flex items-center justify-between space-x-2 py-1 layout-container\">...</div>\nE             (Session info: chrome=142.0.7444.176); For documentation on this error, please visit: https://www.selenium.dev/documentation/webdriver/troubleshooting/errors#elementclickinterceptedexception\nE           Stacktrace:\nE           Symbols not available. Dumping unresolved backtrace:\nE           \t0x7ff6c9bda235\nE           \t0x7ff6c9932630\nE           \t0x7ff6c96c16dd\nE           \t0x7ff6c97224c9\nE           \t0x7ff6c971fe4e\nE           \t0x7ff6c971cd71\nE           \t0x7ff6c971bc10\nE           \t0x7ff6c970d3a8\nE           \t0x7ff6c9742b0a\nE           \t0x7ff6c970cc36\nE           \t0x7ff6c976baba\nE           \t0x7ff6c970b0ed\nE           \t0x7ff6c970bf63\nE           \t0x7ff6c9c05d60\nE           \t0x7ff6c9bffe8a\nE           \t0x7ff6c9c21005\nE           \t0x7ff6c994d71e\nE           \t0x7ff6c9954e1f\nE           \t0x7ff6c993b7c4\nE           \t0x7ff6c993b97f\nE           \t0x7ff6c99218e8\nE           \t0x7ffdf813e8d7\nE           \t0x7ffdf8a6c53c\n\ntest_MicrosoftSqlserver_allure.py:141: AssertionError"}, "steps": [{"name": "Click Add Service Catalog", "status": "passed", "start": 1765956386596, "stop": 1765956391764}, {"name": "Fill Service Catalog form", "status": "broken", "statusDetails": {"message": "selenium.common.exceptions.ElementClickInterceptedException: Message: element click intercepted: Element <span class=\"mx-3 text-text-disabled\">...</span> is not clickable at point (236, 502). Other element would receive the click: <div class=\"mt-3 flex items-center justify-between space-x-2 py-1 layout-container\">...</div>\n  (Session info: chrome=142.0.7444.176); For documentation on this error, please visit: https://www.selenium.dev/documentation/webdriver/troubleshooting/errors#elementclickinterceptedexception\nStacktrace:\nSymbols not available. Dumping unresolved backtrace:\n\t0x7ff6c9bda235\n\t0x7ff6c9932630\n\t0x7ff6c96c16dd\n\t0x7ff6c97224c9\n\t0x7ff6c971fe4e\n\t0x7ff6c971cd71\n\t0x7ff6c971bc10\n\t0x7ff6c970d3a8\n\t0x7ff6c9742b0a\n\t0x7ff6c970cc36\n\t0x7ff6c976baba\n\t0x7ff6c970b0ed\n\t0x7ff6c970bf63\n\t0x7ff6c9c05d60\n\t0x7ff6c9bffe8a\n\t0x7ff6c9c21005\n\t0x7ff6c994d71e\n\t0x7ff6c9954e1f\n\t0x7ff6c993b7c4\n\t0x7ff6c993b97f\n\t0x7ff6c99218e8\n\t0x7ffdf813e8d7\n\t0x7ffdf8a6c53c\n\n", "trace": "  File \"C:\\Users\\Dell\\PycharmProjects\\Governata\\test_MicrosoftSqlserver_allure.py\", line 118, in test_Governata_C\n    servicecatalog.EnterlicenseRenewalDate()\n    ~~~~~~~~~~~~~~~~~~~~~~~~~~~~~~~~~~~~~~^^\n  File \"C:\\Users\\Dell\\PycharmProjects\\Governata\\Page_ServiceCatalog.py\", line 86, in EnterlicenseRenewalDate\n    self.driver.find_element(by=By.XPATH, value=self.clicklicenserenewaldate).click()\n    ~~~~~~~~~~~~~~~~~~~~~~~~~~~~~~~~~~~~~~~~~~~~~~~~~~~~~~~~~~~~~~~~~~~~~~~~~~~~~~~^^\n  File \"C:\\Users\\Dell\\AppData\\Roaming\\Python\\Python314\\site-packages\\selenium\\webdriver\\remote\\webelement.py\", line 119, in click\n    self._execute(Command.CLICK_ELEMENT)\n    ~~~~~~~~~~~~~^^^^^^^^^^^^^^^^^^^^^^^\n  File \"C:\\Users\\Dell\\AppData\\Roaming\\Python\\Python314\\site-packages\\selenium\\webdriver\\remote\\webelement.py\", line 572, in _execute\n    return self._parent.execute(command, params)\n           ~~~~~~~~~~~~~~~~~~~~^^^^^^^^^^^^^^^^^\n  File \"C:\\Users\\Dell\\AppData\\Roaming\\Python\\Python314\\site-packages\\selenium\\webdriver\\remote\\webdriver.py\", line 458, in execute\n    self.error_handler.check_response(response)\n    ~~~~~~~~~~~~~~~~~~~~~~~~~~~~~~~~~^^^^^^^^^^\n  File \"C:\\Users\\Dell\\AppData\\Roaming\\Python\\Python314\\site-packages\\selenium\\webdriver\\remote\\errorhandler.py\", line 233, in check_response\n    raise exception_class(message, screen, stacktrace)\n"}, "start": 1765956391764, "stop": 1765956411779}], "attachments": [{"name": "ServiceCatalog_Create_Failure", "source": "ae6a50e9-dcd8-403e-b3a2-74111ef81aa6-attachment.png", "type": "image/png"}], "start": 1765956386596, "stop": 1765956411948, "uuid": "c2c7c672-9339-406e-a381-37869bbb5a9a", "historyId": "e26c262527387c86881b5a1486fa212a", "testCaseId": "e26c262527387c86881b5a1486fa212a", "fullName": "test_MicrosoftSqlserver_allure.Governata#test_Governata_C", "labels": [{"name": "feature", "value": "Governata Automation"}, {"name": "story", "value": "Service Catalog"}, {"name": "suite", "value": "test_MicrosoftSqlserver_allure"}, {"name": "subSuite", "value": "Governata"}, {"name": "host", "value": "DESKTOP-O4CKKU1"}, {"name": "thread", "value": "30760-MainThread"}, {"name": "framework", "value": "pytest"}, {"name": "language", "value": "cpython3"}, {"name": "package", "value": "test_MicrosoftSqlserver_allure"}], "titlePath": ["test_MicrosoftSqlserver_allure.py", "Governata"]}