{"name": "Negative DataSource Test", "status": "failed", "statusDetails": {"message": "AssertionError: Negative DataSource test failed: Alert 'Connection test failed' did not appear within 30 seconds.", "trace": "self = <test_DataSourceallure.Governata testMethod=test_Governata_E>\n\n    @allure.title(\"Negative DataSource Test\")\n    @allure.step(\"Enter invalid DataSource details\")\n    def test_Governata_E(self):\n        datasource = DataSource_Page(self.driver)\n        try:\n            self.driver.refresh()\n            time.sleep(1)\n            datasource.Click_Add_DataSource()\n            time.sleep(1)\n            datasource.Cick_Microsoft_Sql_Server()\n            time.sleep(1)\n            datasource.Click_ServiceCatalog_Dropdown()\n            time.sleep(1)\n            datasource.Enter_Name(\"Invalid_Test\")\n            time.sleep(1)\n            datasource.Enter_Host(\"invalid-host\")\n            datasource.Enter_Port(\"9999\")\n            datasource.Enter_Database_Name(\"WrongDB\")\n            datasource.Enter_User_Name(\"wrongUser\")\n            datasource.Enter_Password(\"wrongPass\")\n            datasource.Click_Test_Connection()\n            self.take_screenshot(\"Negative_DataSource_Test_Clicked\")\n    \n            # Wait for alert\n            try:\n>               alert = WebDriverWait(self.driver, 30).until(\n                    lambda d: d.find_element(By.XPATH, \"//div[contains(text(),'Connection test failed')]\")\n                    if \"Connection test failed\" in d.find_element(By.XPATH,\n                                                                  \"//div[contains(text(),'Connection test failed')]\").text\n                    else False\n                )\n\ntest_DataSourceallure.py:208: \n_ _ _ _ _ _ _ _ _ _ _ _ _ _ _ _ _ _ _ _ _ _ _ _ _ _ _ _ _ _ _ _ _ _ _ _ _ _ _ _ _ _ _ _ _ _ _ _ _ _ _ _ _ _ _ _ _ _ _ _ _ _ _ _ _ _ _ _ _ _ _ _ _ _\n\nself = <selenium.webdriver.support.wait.WebDriverWait (session=\"289a620d2d62ff1bef3d32fc6b2d04d9\")>\nmethod = <function Governata.test_Governata_E.<locals>.<lambda> at 0x000002307FF29900>, message = ''\n\n    def until(self, method: Callable[[D], Union[Literal[False], T]], message: str = \"\") -> T:\n        \"\"\"Wait until the method returns a value that is not False.\n    \n        Calls the method provided with the driver as an argument until the\n        return value does not evaluate to ``False``.\n    \n        Parameters:\n        -----------\n        method: callable(WebDriver)\n            - A callable object that takes a WebDriver instance as an argument.\n    \n        message: str\n            - Optional message for :exc:`TimeoutException`\n    \n        Return:\n        -------\n        object: T\n            - The result of the last call to `method`\n    \n        Raises:\n        -------\n        TimeoutException\n            - If 'method' does not return a truthy value within the WebDriverWait\n            object's timeout\n    \n        Example:\n        --------\n        >>> from selenium.webdriver.common.by import By\n        >>> from selenium.webdriver.support.ui import WebDriverWait\n        >>> from selenium.webdriver.support import expected_conditions as EC\n    \n        # Wait until an element is visible on the page\n        >>> wait = WebDriverWait(driver, 10)\n        >>> element = wait.until(EC.visibility_of_element_located((By.ID, \"exampleId\")))\n        >>> print(element.text)\n        \"\"\"\n        screen = None\n        stacktrace = None\n    \n        end_time = time.monotonic() + self._timeout\n        while True:\n            try:\n                value = method(self._driver)\n                if value:\n                    return value\n            except self._ignored_exceptions as exc:\n                screen = getattr(exc, \"screen\", None)\n                stacktrace = getattr(exc, \"stacktrace\", None)\n            if time.monotonic() > end_time:\n                break\n            time.sleep(self._poll)\n>       raise TimeoutException(message, screen, stacktrace)\nE       selenium.common.exceptions.TimeoutException: Message: \nE       Stacktrace:\nE       Symbols not available. Dumping unresolved backtrace:\nE       \t0x7ff6f956a235\nE       \t0x7ff6f92c2630\nE       \t0x7ff6f90516dd\nE       \t0x7ff6f90aa27e\nE       \t0x7ff6f90aa58c\nE       \t0x7ff6f90fed77\nE       \t0x7ff6f90fbaba\nE       \t0x7ff6f909b0ed\nE       \t0x7ff6f909bf63\nE       \t0x7ff6f9595d60\nE       \t0x7ff6f958fe8a\nE       \t0x7ff6f95b1005\nE       \t0x7ff6f92dd71e\nE       \t0x7ff6f92e4e1f\nE       \t0x7ff6f92cb7c4\nE       \t0x7ff6f92cb97f\nE       \t0x7ff6f92b18e8\nE       \t0x7ff95193e8d7\nE       \t0x7ff952c6c53c\n\n..\\..\\AppData\\Roaming\\Python\\Python314\\site-packages\\selenium\\webdriver\\support\\wait.py:138: TimeoutException\n\nDuring handling of the above exception, another exception occurred:\n\nself = <test_DataSourceallure.Governata testMethod=test_Governata_E>\n\n    @allure.title(\"Negative DataSource Test\")\n    @allure.step(\"Enter invalid DataSource details\")\n    def test_Governata_E(self):\n        datasource = DataSource_Page(self.driver)\n        try:\n            self.driver.refresh()\n            time.sleep(1)\n            datasource.Click_Add_DataSource()\n            time.sleep(1)\n            datasource.Cick_Microsoft_Sql_Server()\n            time.sleep(1)\n            datasource.Click_ServiceCatalog_Dropdown()\n            time.sleep(1)\n            datasource.Enter_Name(\"Invalid_Test\")\n            time.sleep(1)\n            datasource.Enter_Host(\"invalid-host\")\n            datasource.Enter_Port(\"9999\")\n            datasource.Enter_Database_Name(\"WrongDB\")\n            datasource.Enter_User_Name(\"wrongUser\")\n            datasource.Enter_Password(\"wrongPass\")\n            datasource.Click_Test_Connection()\n            self.take_screenshot(\"Negative_DataSource_Test_Clicked\")\n    \n            # Wait for alert\n            try:\n                alert = WebDriverWait(self.driver, 30).until(\n                    lambda d: d.find_element(By.XPATH, \"//div[contains(text(),'Connection test failed')]\")\n                    if \"Connection test failed\" in d.find_element(By.XPATH,\n                                                                  \"//div[contains(text(),'Connection test failed')]\").text\n                    else False\n                )\n                alert_text = alert.text\n                self.take_screenshot(\"Negative_DataSource_Alert\")\n                assert \"Connection test failed\" in alert_text, f\"Negative DataSource test failed. Found: '{alert_text}'\"\n            except TimeoutException:\n                self.take_screenshot(\"Negative_DataSource_Alert_NotFound\")\n                raise AssertionError(\n                    \"Negative DataSource test failed: Alert 'Connection test failed' did not appear within 30 seconds.\"\n                )\n        except Exception as e:\n            self.take_screenshot(\"DataSource_Negative_Failure\")\n>           raise e\n\ntest_DataSourceallure.py:224: \n_ _ _ _ _ _ _ _ _ _ _ _ _ _ _ _ _ _ _ _ _ _ _ _ _ _ _ _ _ _ _ _ _ _ _ _ _ _ _ _ _ _ _ _ _ _ _ _ _ _ _ _ _ _ _ _ _ _ _ _ _ _ _ _ _ _ _ _ _ _ _ _ _ _\n\nself = <test_DataSourceallure.Governata testMethod=test_Governata_E>\n\n    @allure.title(\"Negative DataSource Test\")\n    @allure.step(\"Enter invalid DataSource details\")\n    def test_Governata_E(self):\n        datasource = DataSource_Page(self.driver)\n        try:\n            self.driver.refresh()\n            time.sleep(1)\n            datasource.Click_Add_DataSource()\n            time.sleep(1)\n            datasource.Cick_Microsoft_Sql_Server()\n            time.sleep(1)\n            datasource.Click_ServiceCatalog_Dropdown()\n            time.sleep(1)\n            datasource.Enter_Name(\"Invalid_Test\")\n            time.sleep(1)\n            datasource.Enter_Host(\"invalid-host\")\n            datasource.Enter_Port(\"9999\")\n            datasource.Enter_Database_Name(\"WrongDB\")\n            datasource.Enter_User_Name(\"wrongUser\")\n            datasource.Enter_Password(\"wrongPass\")\n            datasource.Click_Test_Connection()\n            self.take_screenshot(\"Negative_DataSource_Test_Clicked\")\n    \n            # Wait for alert\n            try:\n                alert = WebDriverWait(self.driver, 30).until(\n                    lambda d: d.find_element(By.XPATH, \"//div[contains(text(),'Connection test failed')]\")\n                    if \"Connection test failed\" in d.find_element(By.XPATH,\n                                                                  \"//div[contains(text(),'Connection test failed')]\").text\n                    else False\n                )\n                alert_text = alert.text\n                self.take_screenshot(\"Negative_DataSource_Alert\")\n                assert \"Connection test failed\" in alert_text, f\"Negative DataSource test failed. Found: '{alert_text}'\"\n            except TimeoutException:\n                self.take_screenshot(\"Negative_DataSource_Alert_NotFound\")\n>               raise AssertionError(\n                    \"Negative DataSource test failed: Alert 'Connection test failed' did not appear within 30 seconds.\"\n                )\nE               AssertionError: Negative DataSource test failed: Alert 'Connection test failed' did not appear within 30 seconds.\n\ntest_DataSourceallure.py:219: AssertionError"}, "steps": [{"name": "Enter invalid DataSource details", "status": "failed", "statusDetails": {"message": "AssertionError: Negative DataSource test failed: Alert 'Connection test failed' did not appear within 30 seconds.\n", "trace": "  File \"C:\\Users\\Dell\\AppData\\Roaming\\Python\\Python314\\site-packages\\allure_commons\\_allure.py\", line 202, in impl\n    return func(*a, **kw)\n  File \"C:\\Users\\Dell\\PycharmProjects\\Governata\\test_DataSourceallure.py\", line 224, in test_Governata_E\n    raise e\n  File \"C:\\Users\\Dell\\PycharmProjects\\Governata\\test_DataSourceallure.py\", line 219, in test_Governata_E\n    raise AssertionError(\n        \"Negative DataSource test failed: Alert 'Connection test failed' did not appear within 30 seconds.\"\n    )\n"}, "attachments": [{"name": "Negative_DataSource_Test_Clicked", "source": "b079c622-860d-48c2-85e2-e9ec382b1488-attachment.png", "type": "image/png"}, {"name": "Negative_DataSource_Alert_NotFound", "source": "0146fca4-8cb3-4c36-838a-e4c13624472a-attachment.png", "type": "image/png"}, {"name": "DataSource_Negative_Failure", "source": "3966676e-1097-42ce-94d6-a59d1bd7beaf-attachment.png", "type": "image/png"}], "start": 1765206689391, "stop": 1765206737955}], "start": 1765206689391, "stop": 1765206737957, "uuid": "e228904e-907f-4f92-a031-19fe98588d22", "historyId": "895ed83b7e445880ae4c7700484a3e16", "testCaseId": "895ed83b7e445880ae4c7700484a3e16", "fullName": "test_DataSourceallure.Governata#test_Governata_E", "labels": [{"name": "suite", "value": "test_DataSourceallure"}, {"name": "subSuite", "value": "Governata"}, {"name": "host", "value": "DESKTOP-O4CKKU1"}, {"name": "thread", "value": "24608-MainThread"}, {"name": "framework", "value": "pytest"}, {"name": "language", "value": "cpython3"}, {"name": "package", "value": "test_DataSourceallure"}], "titlePath": ["test_DataSourceallure.py", "Governata"]}