{"name": "Create Service Catalog Entry", "status": "broken", "statusDetails": {"message": "selenium.common.exceptions.ElementClickInterceptedException: Message: element click intercepted: Element <span class=\"mx-3 text-[#9ca3af]\">...</span> is not clickable at point (217, 401). Other element would receive the click: <tr class=\"flex w-full mt-2 justify-around\">...</tr>\n  (Session info: chrome=142.0.7444.176); For documentation on this error, please visit: https://www.selenium.dev/documentation/webdriver/troubleshooting/errors#elementclickinterceptedexception\nStacktrace:\nSymbols not available. Dumping unresolved backtrace:\n\t0x7ff6f956a235\n\t0x7ff6f92c2630\n\t0x7ff6f90516dd\n\t0x7ff6f90b24c9\n\t0x7ff6f90afe4e\n\t0x7ff6f90acd71\n\t0x7ff6f90abc10\n\t0x7ff6f909d3a8\n\t0x7ff6f90d2b0a\n\t0x7ff6f909cc36\n\t0x7ff6f90fbaba\n\t0x7ff6f909b0ed\n\t0x7ff6f909bf63\n\t0x7ff6f9595d60\n\t0x7ff6f958fe8a\n\t0x7ff6f95b1005\n\t0x7ff6f92dd71e\n\t0x7ff6f92e4e1f\n\t0x7ff6f92cb7c4\n\t0x7ff6f92cb97f\n\t0x7ff6f92b18e8\n\t0x7ff95193e8d7\n\t0x7ff952c6c53c", "trace": "self = <test_DataSourceallure.Governata testMethod=test_Governata_C>\n\n    @allure.title(\"Create Service Catalog Entry\")\n    @allure.step(\"Fill Service Catalog Form\")\n    def test_Governata_C(self):\n        servicecatalog = ServiceCatalog_Page(self.driver)\n        try:\n            servicecatalog.Click_AddServiceCatalog()\n            time.sleep(1)\n            servicecatalog.Enter_Titlename()\n            time.sleep(1)\n            servicecatalog.EnterApplicationTechnology()\n            time.sleep(1)\n            servicecatalog.EnterDatabaseTechnology()\n            time.sleep(1)\n            servicecatalog.EnterDatabaseEdition()\n            time.sleep(1)\n            servicecatalog.EnterDatabaseVersion()\n            time.sleep(1)\n            servicecatalog.ScrollDown()\n            time.sleep(1)\n            servicecatalog.EnterApplicationInterface()\n            time.sleep(1)\n            servicecatalog.EnterLicenses()\n            time.sleep(1)\n            servicecatalog.ScrollDown()\n            time.sleep(1)\n            servicecatalog.EnterlicenseRenewalDate()\n            time.sleep(1)\n            servicecatalog.ScrollDown()\n            time.sleep(1)\n            servicecatalog.EnterProductionDate()\n            time.sleep(1)\n            servicecatalog.ClickNextBtn()\n            time.sleep(1)\n            servicecatalog.ScrollUp()\n            time.sleep(1)\n            servicecatalog.EnterManufacturer()\n            time.sleep(1)\n            servicecatalog.ClickNextBtn()\n            time.sleep(1)\n            servicecatalog.EnterRole()\n            time.sleep(1)\n            servicecatalog.EnterDepartment()\n            time.sleep(1)\n            servicecatalog.ClickSubmitBtn()\n            time.sleep(2)\n            self.take_screenshot(\"ServiceCatalog_Entry_Created\")\n            assert servicecatalog.DetectServiceCatalogPage(), \"Service Catalog not created\"\n        except Exception as e:\n            self.take_screenshot(\"ServiceCatalog_Create_Failure\")\n>           raise e\n\ntest_DataSourceallure.py:138: \n_ _ _ _ _ _ _ _ _ _ _ _ _ _ _ _ _ _ _ _ _ _ _ _ _ _ _ _ _ _ _ _ _ _ _ _ _ _ _ _ _ _ _ _ _ _ _ _ _ _ _ _ _ _ _ _ _ _ _ _ _ _ _ _ _ _ _ _ _ _ _ _ _ _\ntest_DataSourceallure.py:118: in test_Governata_C\n    servicecatalog.EnterProductionDate()\nPage_ServiceCatalog.py:81: in EnterProductionDate\n    self.driver.find_element(by=By.XPATH, value=self.clickproductiondate).click()\n..\\..\\AppData\\Roaming\\Python\\Python314\\site-packages\\selenium\\webdriver\\remote\\webelement.py:119: in click\n    self._execute(Command.CLICK_ELEMENT)\n..\\..\\AppData\\Roaming\\Python\\Python314\\site-packages\\selenium\\webdriver\\remote\\webelement.py:572: in _execute\n    return self._parent.execute(command, params)\n           ^^^^^^^^^^^^^^^^^^^^^^^^^^^^^^^^^^^^^\n..\\..\\AppData\\Roaming\\Python\\Python314\\site-packages\\selenium\\webdriver\\remote\\webdriver.py:458: in execute\n    self.error_handler.check_response(response)\n_ _ _ _ _ _ _ _ _ _ _ _ _ _ _ _ _ _ _ _ _ _ _ _ _ _ _ _ _ _ _ _ _ _ _ _ _ _ _ _ _ _ _ _ _ _ _ _ _ _ _ _ _ _ _ _ _ _ _ _ _ _ _ _ _ _ _ _ _ _ _ _ _ _\n\nself = <selenium.webdriver.remote.errorhandler.ErrorHandler object at 0x0000015AAF66B230>\nresponse = {'status': 400, 'value': '{\"value\":{\"error\":\"element click intercepted\",\"message\":\"element click intercepted: Element ...ff6f92e4e1f\\\\n\\\\t0x7ff6f92cb7c4\\\\n\\\\t0x7ff6f92cb97f\\\\n\\\\t0x7ff6f92b18e8\\\\n\\\\t0x7ff95193e8d7\\\\n\\\\t0x7ff952c6c53c\\\\n\"}}'}\n\n    def check_response(self, response: dict[str, Any]) -> None:\n        \"\"\"Checks that a JSON response from the WebDriver does not have an\n        error.\n    \n        Args:\n            response: The JSON response from the WebDriver server as a dictionary\n                object.\n    \n        Raises:\n            WebDriverException: If the response contains an error message.\n        \"\"\"\n        status = response.get(\"status\", None)\n        if not status or status == ErrorCode.SUCCESS:\n            return\n        value = None\n        message = response.get(\"message\", \"\")\n        screen: str = response.get(\"screen\", \"\")\n        stacktrace = None\n        if isinstance(status, int):\n            value_json = response.get(\"value\", None)\n            if value_json and isinstance(value_json, str):\n                try:\n                    value = json.loads(value_json)\n                    if isinstance(value, dict):\n                        if len(value) == 1:\n                            value = value[\"value\"]\n                        status = value.get(\"error\", None)\n                        if not status:\n                            status = value.get(\"status\", ErrorCode.UNKNOWN_ERROR)\n                            message = value.get(\"value\") or value.get(\"message\")\n                            if not isinstance(message, str):\n                                value = message\n                                message = message.get(\"message\") if isinstance(message, dict) else None\n                        else:\n                            message = value.get(\"message\", None)\n                except ValueError:\n                    pass\n    \n        exception_class: type[WebDriverException]\n        e = ErrorCode()\n        error_codes = [item for item in dir(e) if not item.startswith(\"__\")]\n        for error_code in error_codes:\n            error_info = getattr(ErrorCode, error_code)\n            if isinstance(error_info, list) and status in error_info:\n                exception_class = getattr(ExceptionMapping, error_code, WebDriverException)\n                break\n        else:\n            exception_class = WebDriverException\n    \n        if not value:\n            value = response[\"value\"]\n        if isinstance(value, str):\n            raise exception_class(value)\n        if message == \"\" and \"message\" in value:\n            message = value[\"message\"]\n    \n        screen = None  # type: ignore[assignment]\n        if \"screen\" in value:\n            screen = value[\"screen\"]\n    \n        stacktrace = None\n        st_value = value.get(\"stackTrace\") or value.get(\"stacktrace\")\n        if st_value:\n            if isinstance(st_value, str):\n                stacktrace = st_value.split(\"\\n\")\n            else:\n                stacktrace = []\n                try:\n                    for frame in st_value:\n                        line = frame.get(\"lineNumber\", \"\")\n                        file = frame.get(\"fileName\", \"<anonymous>\")\n                        if line:\n                            file = f\"{file}:{line}\"\n                        meth = frame.get(\"methodName\", \"<anonymous>\")\n                        if \"className\" in frame:\n                            meth = f\"{frame['className']}.{meth}\"\n                        msg = \"    at %s (%s)\"\n                        msg = msg % (meth, file)\n                        stacktrace.append(msg)\n                except TypeError:\n                    pass\n        if exception_class == UnexpectedAlertPresentException:\n            alert_text = None\n            if \"data\" in value:\n                alert_text = value[\"data\"].get(\"text\")\n            elif \"alert\" in value:\n                alert_text = value[\"alert\"].get(\"text\")\n            raise exception_class(message, screen, stacktrace, alert_text)  # type: ignore[call-arg]  # mypy is not smart enough here\n>       raise exception_class(message, screen, stacktrace)\nE       selenium.common.exceptions.ElementClickInterceptedException: Message: element click intercepted: Element <span class=\"mx-3 text-[#9ca3af]\">...</span> is not clickable at point (217, 401). Other element would receive the click: <tr class=\"flex w-full mt-2 justify-around\">...</tr>\nE         (Session info: chrome=142.0.7444.176); For documentation on this error, please visit: https://www.selenium.dev/documentation/webdriver/troubleshooting/errors#elementclickinterceptedexception\nE       Stacktrace:\nE       Symbols not available. Dumping unresolved backtrace:\nE       \t0x7ff6f956a235\nE       \t0x7ff6f92c2630\nE       \t0x7ff6f90516dd\nE       \t0x7ff6f90b24c9\nE       \t0x7ff6f90afe4e\nE       \t0x7ff6f90acd71\nE       \t0x7ff6f90abc10\nE       \t0x7ff6f909d3a8\nE       \t0x7ff6f90d2b0a\nE       \t0x7ff6f909cc36\nE       \t0x7ff6f90fbaba\nE       \t0x7ff6f909b0ed\nE       \t0x7ff6f909bf63\nE       \t0x7ff6f9595d60\nE       \t0x7ff6f958fe8a\nE       \t0x7ff6f95b1005\nE       \t0x7ff6f92dd71e\nE       \t0x7ff6f92e4e1f\nE       \t0x7ff6f92cb7c4\nE       \t0x7ff6f92cb97f\nE       \t0x7ff6f92b18e8\nE       \t0x7ff95193e8d7\nE       \t0x7ff952c6c53c\n\n..\\..\\AppData\\Roaming\\Python\\Python314\\site-packages\\selenium\\webdriver\\remote\\errorhandler.py:233: ElementClickInterceptedException"}, "steps": [{"name": "Fill Service Catalog Form", "status": "broken", "statusDetails": {"message": "selenium.common.exceptions.ElementClickInterceptedException: Message: element click intercepted: Element <span class=\"mx-3 text-[#9ca3af]\">...</span> is not clickable at point (217, 401). Other element would receive the click: <tr class=\"flex w-full mt-2 justify-around\">...</tr>\n  (Session info: chrome=142.0.7444.176); For documentation on this error, please visit: https://www.selenium.dev/documentation/webdriver/troubleshooting/errors#elementclickinterceptedexception\nStacktrace:\nSymbols not available. Dumping unresolved backtrace:\n\t0x7ff6f956a235\n\t0x7ff6f92c2630\n\t0x7ff6f90516dd\n\t0x7ff6f90b24c9\n\t0x7ff6f90afe4e\n\t0x7ff6f90acd71\n\t0x7ff6f90abc10\n\t0x7ff6f909d3a8\n\t0x7ff6f90d2b0a\n\t0x7ff6f909cc36\n\t0x7ff6f90fbaba\n\t0x7ff6f909b0ed\n\t0x7ff6f909bf63\n\t0x7ff6f9595d60\n\t0x7ff6f958fe8a\n\t0x7ff6f95b1005\n\t0x7ff6f92dd71e\n\t0x7ff6f92e4e1f\n\t0x7ff6f92cb7c4\n\t0x7ff6f92cb97f\n\t0x7ff6f92b18e8\n\t0x7ff95193e8d7\n\t0x7ff952c6c53c\n\n", "trace": "  File \"C:\\Users\\Dell\\AppData\\Roaming\\Python\\Python314\\site-packages\\allure_commons\\_allure.py\", line 202, in impl\n    return func(*a, **kw)\n  File \"C:\\Users\\Dell\\PycharmProjects\\Governata\\test_DataSourceallure.py\", line 138, in test_Governata_C\n    raise e\n  File \"C:\\Users\\Dell\\PycharmProjects\\Governata\\test_DataSourceallure.py\", line 118, in test_Governata_C\n    servicecatalog.EnterProductionDate()\n    ~~~~~~~~~~~~~~~~~~~~~~~~~~~~~~~~~~^^\n  File \"C:\\Users\\Dell\\PycharmProjects\\Governata\\Page_ServiceCatalog.py\", line 81, in EnterProductionDate\n    self.driver.find_element(by=By.XPATH, value=self.clickproductiondate).click()\n    ~~~~~~~~~~~~~~~~~~~~~~~~~~~~~~~~~~~~~~~~~~~~~~~~~~~~~~~~~~~~~~~~~~~~~~~~~~~^^\n  File \"C:\\Users\\Dell\\AppData\\Roaming\\Python\\Python314\\site-packages\\selenium\\webdriver\\remote\\webelement.py\", line 119, in click\n    self._execute(Command.CLICK_ELEMENT)\n    ~~~~~~~~~~~~~^^^^^^^^^^^^^^^^^^^^^^^\n  File \"C:\\Users\\Dell\\AppData\\Roaming\\Python\\Python314\\site-packages\\selenium\\webdriver\\remote\\webelement.py\", line 572, in _execute\n    return self._parent.execute(command, params)\n           ~~~~~~~~~~~~~~~~~~~~^^^^^^^^^^^^^^^^^\n  File \"C:\\Users\\Dell\\AppData\\Roaming\\Python\\Python314\\site-packages\\selenium\\webdriver\\remote\\webdriver.py\", line 458, in execute\n    self.error_handler.check_response(response)\n    ~~~~~~~~~~~~~~~~~~~~~~~~~~~~~~~~~^^^^^^^^^^\n  File \"C:\\Users\\Dell\\AppData\\Roaming\\Python\\Python314\\site-packages\\selenium\\webdriver\\remote\\errorhandler.py\", line 233, in check_response\n    raise exception_class(message, screen, stacktrace)\n"}, "attachments": [{"name": "ServiceCatalog_Create_Failure", "source": "08bfe6c4-f695-41dd-9ff1-1efc4d6d41ea-attachment.png", "type": "image/png"}], "start": 1765206966228, "stop": 1765206994281}], "start": 1765206966227, "stop": 1765206994285, "uuid": "1d57fd33-ac5b-4c3a-83ec-65f6e20eca35", "historyId": "253c461ab07aa97193919bc391a4ad6c", "testCaseId": "253c461ab07aa97193919bc391a4ad6c", "fullName": "test_DataSourceallure.Governata#test_Governata_C", "labels": [{"name": "suite", "value": "test_DataSourceallure"}, {"name": "subSuite", "value": "Governata"}, {"name": "host", "value": "DESKTOP-O4CKKU1"}, {"name": "thread", "value": "21616-MainThread"}, {"name": "framework", "value": "pytest"}, {"name": "language", "value": "cpython3"}, {"name": "package", "value": "test_DataSourceallure"}], "titlePath": ["test_DataSourceallure.py", "Governata"]}