{"name": "Governata Login Test", "status": "broken", "statusDetails": {"message": "selenium.common.exceptions.TimeoutException: Message: \nStacktrace:\nSymbols not available. Dumping unresolved backtrace:\n\t0x7ff6f956a235\n\t0x7ff6f92c2630\n\t0x7ff6f90516dd\n\t0x7ff6f90aa27e\n\t0x7ff6f90aa58c\n\t0x7ff6f90fed77\n\t0x7ff6f90fbaba\n\t0x7ff6f909b0ed\n\t0x7ff6f909bf63\n\t0x7ff6f9595d60\n\t0x7ff6f958fe8a\n\t0x7ff6f95b1005\n\t0x7ff6f92dd71e\n\t0x7ff6f92e4e1f\n\t0x7ff6f92cb7c4\n\t0x7ff6f92cb97f\n\t0x7ff6f92b18e8\n\t0x7ff95193e8d7\n\t0x7ff952c6c53c", "trace": "self = <test_DataSourceallure.Governata testMethod=test_Governata_A>\n\n    @allure.title(\"Governata Login Test\")\n    @allure.step(\"Login as Superadmin\")\n    def test_Governata_A(self):\n        login = Login_Page(self.driver)\n        try:\n            self.safe_click(\"//img[@alt='Switch to English']\", name=\"SwitchToEnglish\")\n            self.safe_click(login.clicklogobth, name=\"LogoButton\")\n            login.EnterEmail(\"Superadmin@example.com\")\n            login.EnterPassword(\"password\")\n            login.ClickLoginBtn()\n            time.sleep(2)\n            self.take_screenshot(\"Login_Page_After_Submit\")\n            assert login.DetectloginPage(), \"Login failed\"\n        except Exception as e:\n            self.take_screenshot(\"Login_Failure\")\n>           raise e\n\ntest_DataSourceallure.py:68: \n_ _ _ _ _ _ _ _ _ _ _ _ _ _ _ _ _ _ _ _ _ _ _ _ _ _ _ _ _ _ _ _ _ _ _ _ _ _ _ _ _ _ _ _ _ _ _ _ _ _ _ _ _ _ _ _ _ _ _ _ _ _ _ _ _ _ _ _ _ _ _ _ _ _\ntest_DataSourceallure.py:59: in test_Governata_A\n    self.safe_click(login.clicklogobth, name=\"LogoButton\")\ntest_DataSourceallure.py:43: in safe_click\n    element = WebDriverWait(self.driver, timeout).until(\n_ _ _ _ _ _ _ _ _ _ _ _ _ _ _ _ _ _ _ _ _ _ _ _ _ _ _ _ _ _ _ _ _ _ _ _ _ _ _ _ _ _ _ _ _ _ _ _ _ _ _ _ _ _ _ _ _ _ _ _ _ _ _ _ _ _ _ _ _ _ _ _ _ _\n\nself = <selenium.webdriver.support.wait.WebDriverWait (session=\"c58a575331b6b132a5fde02845716867\")>\nmethod = <function element_to_be_clickable.<locals>._predicate at 0x000002A455A19D20>, message = ''\n\n    def until(self, method: Callable[[D], Union[Literal[False], T]], message: str = \"\") -> T:\n        \"\"\"Wait until the method returns a value that is not False.\n    \n        Calls the method provided with the driver as an argument until the\n        return value does not evaluate to ``False``.\n    \n        Parameters:\n        -----------\n        method: callable(WebDriver)\n            - A callable object that takes a WebDriver instance as an argument.\n    \n        message: str\n            - Optional message for :exc:`TimeoutException`\n    \n        Return:\n        -------\n        object: T\n            - The result of the last call to `method`\n    \n        Raises:\n        -------\n        TimeoutException\n            - If 'method' does not return a truthy value within the WebDriverWait\n            object's timeout\n    \n        Example:\n        --------\n        >>> from selenium.webdriver.common.by import By\n        >>> from selenium.webdriver.support.ui import WebDriverWait\n        >>> from selenium.webdriver.support import expected_conditions as EC\n    \n        # Wait until an element is visible on the page\n        >>> wait = WebDriverWait(driver, 10)\n        >>> element = wait.until(EC.visibility_of_element_located((By.ID, \"exampleId\")))\n        >>> print(element.text)\n        \"\"\"\n        screen = None\n        stacktrace = None\n    \n        end_time = time.monotonic() + self._timeout\n        while True:\n            try:\n                value = method(self._driver)\n                if value:\n                    return value\n            except self._ignored_exceptions as exc:\n                screen = getattr(exc, \"screen\", None)\n                stacktrace = getattr(exc, \"stacktrace\", None)\n            if time.monotonic() > end_time:\n                break\n            time.sleep(self._poll)\n>       raise TimeoutException(message, screen, stacktrace)\nE       selenium.common.exceptions.TimeoutException: Message: \nE       Stacktrace:\nE       Symbols not available. Dumping unresolved backtrace:\nE       \t0x7ff6f956a235\nE       \t0x7ff6f92c2630\nE       \t0x7ff6f90516dd\nE       \t0x7ff6f90aa27e\nE       \t0x7ff6f90aa58c\nE       \t0x7ff6f90fed77\nE       \t0x7ff6f90fbaba\nE       \t0x7ff6f909b0ed\nE       \t0x7ff6f909bf63\nE       \t0x7ff6f9595d60\nE       \t0x7ff6f958fe8a\nE       \t0x7ff6f95b1005\nE       \t0x7ff6f92dd71e\nE       \t0x7ff6f92e4e1f\nE       \t0x7ff6f92cb7c4\nE       \t0x7ff6f92cb97f\nE       \t0x7ff6f92b18e8\nE       \t0x7ff95193e8d7\nE       \t0x7ff952c6c53c\n\n..\\..\\AppData\\Roaming\\Python\\Python314\\site-packages\\selenium\\webdriver\\support\\wait.py:138: TimeoutException"}, "steps": [{"name": "Login as Superadmin", "status": "broken", "statusDetails": {"message": "selenium.common.exceptions.TimeoutException: Message: \nStacktrace:\nSymbols not available. Dumping unresolved backtrace:\n\t0x7ff6f956a235\n\t0x7ff6f92c2630\n\t0x7ff6f90516dd\n\t0x7ff6f90aa27e\n\t0x7ff6f90aa58c\n\t0x7ff6f90fed77\n\t0x7ff6f90fbaba\n\t0x7ff6f909b0ed\n\t0x7ff6f909bf63\n\t0x7ff6f9595d60\n\t0x7ff6f958fe8a\n\t0x7ff6f95b1005\n\t0x7ff6f92dd71e\n\t0x7ff6f92e4e1f\n\t0x7ff6f92cb7c4\n\t0x7ff6f92cb97f\n\t0x7ff6f92b18e8\n\t0x7ff95193e8d7\n\t0x7ff952c6c53c\n\n", "trace": "  File \"C:\\Users\\Dell\\AppData\\Roaming\\Python\\Python314\\site-packages\\allure_commons\\_allure.py\", line 202, in impl\n    return func(*a, **kw)\n  File \"C:\\Users\\Dell\\PycharmProjects\\Governata\\test_DataSourceallure.py\", line 68, in test_Governata_A\n    raise e\n  File \"C:\\Users\\Dell\\PycharmProjects\\Governata\\test_DataSourceallure.py\", line 59, in test_Governata_A\n    self.safe_click(login.clicklogobth, name=\"LogoButton\")\n    ~~~~~~~~~~~~~~~^^^^^^^^^^^^^^^^^^^^^^^^^^^^^^^^^^^^^^^\n  File \"C:\\Users\\Dell\\PycharmProjects\\Governata\\test_DataSourceallure.py\", line 43, in safe_click\n    element = WebDriverWait(self.driver, timeout).until(\n        EC.element_to_be_clickable((By.XPATH, xpath))\n    )\n  File \"C:\\Users\\Dell\\AppData\\Roaming\\Python\\Python314\\site-packages\\selenium\\webdriver\\support\\wait.py\", line 138, in until\n    raise TimeoutException(message, screen, stacktrace)\n"}, "attachments": [{"name": "SwitchToEnglish_clicked", "source": "919a1782-8a97-405c-9c72-01232c067c04-attachment.png", "type": "image/png"}, {"name": "Login_Failure", "source": "89a77c90-514b-4712-ba3e-7acbf3df7610-attachment.png", "type": "image/png"}], "start": 1765207778648, "stop": 1765207810333}], "start": 1765207778648, "stop": 1765207810335, "uuid": "34c78fa0-9007-4913-841c-e6a235fbe11c", "historyId": "b43cd2ab12eca38017776da3dade717e", "testCaseId": "b43cd2ab12eca38017776da3dade717e", "fullName": "test_DataSourceallure.Governata#test_Governata_A", "labels": [{"name": "suite", "value": "test_DataSourceallure"}, {"name": "subSuite", "value": "Governata"}, {"name": "host", "value": "DESKTOP-O4CKKU1"}, {"name": "thread", "value": "26112-MainThread"}, {"name": "framework", "value": "pytest"}, {"name": "language", "value": "cpython3"}, {"name": "package", "value": "test_DataSourceallure"}], "titlePath": ["test_DataSourceallure.py", "Governata"]}